<?xml version="1.0" encoding="UTF-8"?>
<testsuite xmlns:xsi="http://www.w3.org/2001/XMLSchema-instance" xsi:noNamespaceSchemaLocation="https://maven.apache.org/surefire/maven-surefire-plugin/xsd/surefire-test-report.xsd" name="ca.brandongartner.jag.mail_business_tests.TestMainApplication" time="130.815" tests="24" errors="6" skipped="0" failures="0">
  <properties>
    <property name="java.specification.version" value="14"/>
    <property name="sun.cpu.isalist" value="amd64"/>
    <property name="sun.jnu.encoding" value="Cp1252"/>
    <property name="java.class.path" value="C:\dev\420-517_Java\JAG\JAG_Work\target\test-classes;C:\dev\420-517_Java\JAG\JAG_Work\target\classes;C:\Users\valco\.m2\repository\org\jodd\jodd-mail\5.1.6\jodd-mail-5.1.6.jar;C:\Users\valco\.m2\repository\org\jodd\jodd-core\5.1.6\jodd-core-5.1.6.jar;C:\Users\valco\.m2\repository\jakarta\mail\jakarta.mail-api\1.6.5\jakarta.mail-api-1.6.5.jar;C:\Users\valco\.m2\repository\com\sun\mail\jakarta.mail\1.6.5\jakarta.mail-1.6.5.jar;C:\Users\valco\.m2\repository\com\sun\activation\jakarta.activation\1.2.1\jakarta.activation-1.2.1.jar;C:\Users\valco\.m2\repository\javax\mail\javax.mail-api\1.6.2\javax.mail-api-1.6.2.jar;C:\Users\valco\.m2\repository\javax\activation\javax.activation-api\1.2.0\javax.activation-api-1.2.0.jar;C:\Users\valco\.m2\repository\org\openjfx\javafx-controls\16-ea+1\javafx-controls-16-ea+1.jar;C:\Users\valco\.m2\repository\org\openjfx\javafx-controls\16-ea+1\javafx-controls-16-ea+1-win.jar;C:\Users\valco\.m2\repository\org\openjfx\javafx-graphics\16-ea+1\javafx-graphics-16-ea+1.jar;C:\Users\valco\.m2\repository\org\openjfx\javafx-fxml\16-ea+1\javafx-fxml-16-ea+1.jar;C:\Users\valco\.m2\repository\org\openjfx\javafx-fxml\16-ea+1\javafx-fxml-16-ea+1-win.jar;C:\Users\valco\.m2\repository\org\openjfx\javafx-web\16-ea+1\javafx-web-16-ea+1.jar;C:\Users\valco\.m2\repository\org\openjfx\javafx-web\16-ea+1\javafx-web-16-ea+1-win.jar;C:\Users\valco\.m2\repository\org\openjfx\javafx-media\16-ea+1\javafx-media-16-ea+1.jar;C:\Users\valco\.m2\repository\org\openjfx\javafx-media\16-ea+1\javafx-media-16-ea+1-win.jar;C:\Users\valco\.m2\repository\org\openjfx\javafx-swing\16-ea+1\javafx-swing-16-ea+1.jar;C:\Users\valco\.m2\repository\org\openjfx\javafx-swing\16-ea+1\javafx-swing-16-ea+1-win.jar;C:\Users\valco\.m2\repository\org\openjfx\javafx-graphics\16-ea+1\javafx-graphics-16-ea+1-win.jar;C:\Users\valco\.m2\repository\org\openjfx\javafx-base\16-ea+1\javafx-base-16-ea+1.jar;C:\Users\valco\.m2\repository\org\openjfx\javafx-base\16-ea+1\javafx-base-16-ea+1-win.jar;C:\Users\valco\.m2\repository\mysql\mysql-connector-java\8.0.21\mysql-connector-java-8.0.21.jar;C:\Users\valco\.m2\repository\com\google\protobuf\protobuf-java\3.11.4\protobuf-java-3.11.4.jar;C:\Users\valco\.m2\repository\org\slf4j\slf4j-api\1.7.30\slf4j-api-1.7.30.jar;C:\Users\valco\.m2\repository\org\apache\logging\log4j\log4j-slf4j-impl\2.13.3\log4j-slf4j-impl-2.13.3.jar;C:\Users\valco\.m2\repository\org\apache\logging\log4j\log4j-api\2.13.3\log4j-api-2.13.3.jar;C:\Users\valco\.m2\repository\org\apache\logging\log4j\log4j-core\2.13.3\log4j-core-2.13.3.jar;C:\Users\valco\.m2\repository\org\junit\jupiter\junit-jupiter-engine\5.6.2\junit-jupiter-engine-5.6.2.jar;C:\Users\valco\.m2\repository\org\apiguardian\apiguardian-api\1.1.0\apiguardian-api-1.1.0.jar;C:\Users\valco\.m2\repository\org\junit\platform\junit-platform-engine\1.6.2\junit-platform-engine-1.6.2.jar;C:\Users\valco\.m2\repository\org\opentest4j\opentest4j\1.2.0\opentest4j-1.2.0.jar;C:\Users\valco\.m2\repository\org\junit\platform\junit-platform-commons\1.6.2\junit-platform-commons-1.6.2.jar;C:\Users\valco\.m2\repository\org\junit\jupiter\junit-jupiter-api\5.6.2\junit-jupiter-api-5.6.2.jar;C:\Users\valco\.m2\repository\org\junit\vintage\junit-vintage-engine\5.6.2\junit-vintage-engine-5.6.2.jar;C:\Users\valco\.m2\repository\junit\junit\4.13\junit-4.13.jar;C:\Users\valco\.m2\repository\org\hamcrest\hamcrest-core\1.3\hamcrest-core-1.3.jar;"/>
    <property name="java.vm.vendor" value="AdoptOpenJDK"/>
    <property name="sun.arch.data.model" value="64"/>
    <property name="user.variant" value=""/>
    <property name="java.vendor.url" value="https://adoptopenjdk.net/"/>
    <property name="user.timezone" value="America/Toronto"/>
    <property name="os.name" value="Windows 10"/>
    <property name="java.vm.specification.version" value="14"/>
    <property name="user.country" value="CA"/>
    <property name="sun.java.launcher" value="SUN_STANDARD"/>
    <property name="sun.boot.library.path" value="C:\Program Files\AdoptOpenJDK\jdk-14.0.2.12-hotspot\bin"/>
    <property name="sun.java.command" value="C:\Users\valco\AppData\Local\Temp\surefire10472005622535008277\surefirebooter8202536356705845392.jar C:\Users\valco\AppData\Local\Temp\surefire10472005622535008277 2020-11-24T21-00-13_727-jvmRun1 surefire11725519275017987682tmp surefire_013399244424183081754tmp"/>
    <property name="jdk.debug" value="release"/>
    <property name="surefire.test.class.path" value="C:\dev\420-517_Java\JAG\JAG_Work\target\test-classes;C:\dev\420-517_Java\JAG\JAG_Work\target\classes;C:\Users\valco\.m2\repository\org\jodd\jodd-mail\5.1.6\jodd-mail-5.1.6.jar;C:\Users\valco\.m2\repository\org\jodd\jodd-core\5.1.6\jodd-core-5.1.6.jar;C:\Users\valco\.m2\repository\jakarta\mail\jakarta.mail-api\1.6.5\jakarta.mail-api-1.6.5.jar;C:\Users\valco\.m2\repository\com\sun\mail\jakarta.mail\1.6.5\jakarta.mail-1.6.5.jar;C:\Users\valco\.m2\repository\com\sun\activation\jakarta.activation\1.2.1\jakarta.activation-1.2.1.jar;C:\Users\valco\.m2\repository\javax\mail\javax.mail-api\1.6.2\javax.mail-api-1.6.2.jar;C:\Users\valco\.m2\repository\javax\activation\javax.activation-api\1.2.0\javax.activation-api-1.2.0.jar;C:\Users\valco\.m2\repository\org\openjfx\javafx-controls\16-ea+1\javafx-controls-16-ea+1.jar;C:\Users\valco\.m2\repository\org\openjfx\javafx-controls\16-ea+1\javafx-controls-16-ea+1-win.jar;C:\Users\valco\.m2\repository\org\openjfx\javafx-graphics\16-ea+1\javafx-graphics-16-ea+1.jar;C:\Users\valco\.m2\repository\org\openjfx\javafx-fxml\16-ea+1\javafx-fxml-16-ea+1.jar;C:\Users\valco\.m2\repository\org\openjfx\javafx-fxml\16-ea+1\javafx-fxml-16-ea+1-win.jar;C:\Users\valco\.m2\repository\org\openjfx\javafx-web\16-ea+1\javafx-web-16-ea+1.jar;C:\Users\valco\.m2\repository\org\openjfx\javafx-web\16-ea+1\javafx-web-16-ea+1-win.jar;C:\Users\valco\.m2\repository\org\openjfx\javafx-media\16-ea+1\javafx-media-16-ea+1.jar;C:\Users\valco\.m2\repository\org\openjfx\javafx-media\16-ea+1\javafx-media-16-ea+1-win.jar;C:\Users\valco\.m2\repository\org\openjfx\javafx-swing\16-ea+1\javafx-swing-16-ea+1.jar;C:\Users\valco\.m2\repository\org\openjfx\javafx-swing\16-ea+1\javafx-swing-16-ea+1-win.jar;C:\Users\valco\.m2\repository\org\openjfx\javafx-graphics\16-ea+1\javafx-graphics-16-ea+1-win.jar;C:\Users\valco\.m2\repository\org\openjfx\javafx-base\16-ea+1\javafx-base-16-ea+1.jar;C:\Users\valco\.m2\repository\org\openjfx\javafx-base\16-ea+1\javafx-base-16-ea+1-win.jar;C:\Users\valco\.m2\repository\mysql\mysql-connector-java\8.0.21\mysql-connector-java-8.0.21.jar;C:\Users\valco\.m2\repository\com\google\protobuf\protobuf-java\3.11.4\protobuf-java-3.11.4.jar;C:\Users\valco\.m2\repository\org\slf4j\slf4j-api\1.7.30\slf4j-api-1.7.30.jar;C:\Users\valco\.m2\repository\org\apache\logging\log4j\log4j-slf4j-impl\2.13.3\log4j-slf4j-impl-2.13.3.jar;C:\Users\valco\.m2\repository\org\apache\logging\log4j\log4j-api\2.13.3\log4j-api-2.13.3.jar;C:\Users\valco\.m2\repository\org\apache\logging\log4j\log4j-core\2.13.3\log4j-core-2.13.3.jar;C:\Users\valco\.m2\repository\org\junit\jupiter\junit-jupiter-engine\5.6.2\junit-jupiter-engine-5.6.2.jar;C:\Users\valco\.m2\repository\org\apiguardian\apiguardian-api\1.1.0\apiguardian-api-1.1.0.jar;C:\Users\valco\.m2\repository\org\junit\platform\junit-platform-engine\1.6.2\junit-platform-engine-1.6.2.jar;C:\Users\valco\.m2\repository\org\opentest4j\opentest4j\1.2.0\opentest4j-1.2.0.jar;C:\Users\valco\.m2\repository\org\junit\platform\junit-platform-commons\1.6.2\junit-platform-commons-1.6.2.jar;C:\Users\valco\.m2\repository\org\junit\jupiter\junit-jupiter-api\5.6.2\junit-jupiter-api-5.6.2.jar;C:\Users\valco\.m2\repository\org\junit\vintage\junit-vintage-engine\5.6.2\junit-vintage-engine-5.6.2.jar;C:\Users\valco\.m2\repository\junit\junit\4.13\junit-4.13.jar;C:\Users\valco\.m2\repository\org\hamcrest\hamcrest-core\1.3\hamcrest-core-1.3.jar;"/>
    <property name="sun.cpu.endian" value="little"/>
    <property name="user.home" value="C:\Users\valco"/>
    <property name="user.language" value="en"/>
    <property name="java.specification.vendor" value="Oracle Corporation"/>
    <property name="java.version.date" value="2020-07-14"/>
    <property name="java.home" value="C:\Program Files\AdoptOpenJDK\jdk-14.0.2.12-hotspot"/>
    <property name="file.separator" value="\"/>
    <property name="basedir" value="C:\dev\420-517_Java\JAG\JAG_Work"/>
    <property name="java.vm.compressedOopsMode" value="Zero based"/>
    <property name="line.separator" value="&#10;"/>
    <property name="java.vm.specification.vendor" value="Oracle Corporation"/>
    <property name="java.specification.name" value="Java Platform API Specification"/>
    <property name="surefire.real.class.path" value="C:\Users\valco\AppData\Local\Temp\surefire10472005622535008277\surefirebooter8202536356705845392.jar"/>
    <property name="user.script" value=""/>
    <property name="sun.management.compiler" value="HotSpot 64-Bit Tiered Compilers"/>
    <property name="java.runtime.version" value="14.0.2+12"/>
    <property name="user.name" value="valco"/>
    <property name="path.separator" value=";"/>
    <property name="os.version" value="10.0"/>
    <property name="java.runtime.name" value="OpenJDK Runtime Environment"/>
    <property name="file.encoding" value="UTF-8"/>
    <property name="java.vm.name" value="OpenJDK 64-Bit Server VM"/>
    <property name="java.vendor.version" value="AdoptOpenJDK"/>
    <property name="maven.ext.class.path" value="C:\devapp\NetBeans-12.0\netbeans\java\maven-nblib\netbeans-eventspy.jar"/>
    <property name="localRepository" value="C:\Users\valco\.m2\repository"/>
    <property name="java.vendor.url.bug" value="https://github.com/AdoptOpenJDK/openjdk-support/issues"/>
    <property name="java.io.tmpdir" value="C:\Users\valco\AppData\Local\Temp\"/>
    <property name="java.version" value="14.0.2"/>
    <property name="user.dir" value="C:\dev\420-517_Java\JAG\JAG_Work"/>
    <property name="os.arch" value="amd64"/>
    <property name="java.vm.specification.name" value="Java Virtual Machine Specification"/>
    <property name="sun.os.patch.level" value=""/>
    <property name="java.library.path" value="C:\Program Files\AdoptOpenJDK\jdk-14.0.2.12-hotspot\bin;C:\WINDOWS\Sun\Java\bin;C:\WINDOWS\system32;C:\WINDOWS;C:\Program Files\AdoptOpenJDK\jdk-14.0.2.12-hotspot\bin;C:\Users\valco\Desktop\oracledb\bin;C:\Program Files (x86)\Razer Chroma SDK\bin;C:\Program Files\Razer Chroma SDK\bin;C:\Program Files (x86)\Common Files\Oracle\Java\javapath;C:\Program Files (x86)\Razer\ChromaBroadcast\bin;C:\Program Files\Razer\ChromaBroadcast\bin;C:\Windows\system32;C:\Windows;C:\Windows\System32\Wbem;C:\Windows\System32\WindowsPowerShell\v1.0\;C:\Windows\System32\OpenSSH\;C:\Program Files\dotnet\;C:\Program Files\NVIDIA Corporation\NVIDIA NvDLISR;C:\Program Files (x86)\NVIDIA Corporation\PhysX\Common;C:\Users\valco\AppData\Local\Microsoft\WindowsApps;C:\Users\valco\.dotnet\tools;C:\Program Files\Microsoft SQL Server\130\Tools\Binn\;C:\Program Files\Microsoft SQL Server\Client SDK\ODBC\170\Tools\Binn\;C:\WINDOWS\system32;C:\WINDOWS;C:\WINDOWS\System32\Wbem;C:\WINDOWS\System32\WindowsPowerShell\v1.0\;C:\WINDOWS\System32\OpenSSH\;C:\Program Files\nodejs\;C:\Users\valco\AppData\Local\Microsoft\WindowsApps;E:\Program Files\IntelliJ IDEA Community Edition 2019.2.1\bin;C:\Users\valco\AppData\Local\Programs\Microsoft VS Code\bin;C:\Users\valco\AppData\Local\atom\bin;C:\Users\valco\AppData\Local\Microsoft\WindowsApps;C:\devapp\MavenFiles\apache-maven-3.6.3\bin;C:\Users\valco\AppData\Roaming\npm;C:\Program Files\PostgreSQL\13\bin;;."/>
    <property name="java.vm.info" value="mixed mode, sharing"/>
    <property name="java.vendor" value="AdoptOpenJDK"/>
    <property name="java.vm.version" value="14.0.2+12"/>
    <property name="sun.io.unicode.encoding" value="UnicodeLittle"/>
    <property name="java.class.version" value="58.0"/>
  </properties>
  <testcase name="testOneRecipientOneCC" classname="ca.brandongartner.jag.mail_business_tests.TestMainApplication" time="5.845"/>
  <testcase name="testOneRecipientTwoCC" classname="ca.brandongartner.jag.mail_business_tests.TestMainApplication" time="5.047"/>
  <testcase name="testEmailFieldsSame" classname="ca.brandongartner.jag.mail_business_tests.TestMainApplication" time="8.214">
    <error message="Open session error; &lt;--- javax.mail.AuthenticationFailedException: [AUTHENTICATIONFAILED] Invalid credentials (Failure)" type="jodd.mail.MailException"><![CDATA[jodd.mail.MailException: Open session error; <--- javax.mail.AuthenticationFailedException: [AUTHENTICATIONFAILED] Invalid credentials (Failure)
	at ca.brandongartner.jag.mail_business_tests.TestMainApplication.testEmailFieldsSame(TestMainApplication.java:442)
Caused by: javax.mail.AuthenticationFailedException: [AUTHENTICATIONFAILED] Invalid credentials (Failure)
	at ca.brandongartner.jag.mail_business_tests.TestMainApplication.testEmailFieldsSame(TestMainApplication.java:442)
]]></error>
    <system-out><![CDATA[[INFO ] 2020-11-24 21:00:28.457 [Time-limited test] SendReceiveEmail - Email bg01test@gmail.com verified!
[INFO ] 2020-11-24 21:00:28.458 [Time-limited test] SendReceiveEmail - Email bg02test@gmail.com verified!
[INFO ] 2020-11-24 21:00:28.458 [Time-limited test] SendReceiveEmail - SMTP server generated!
[INFO ] 2020-11-24 21:00:28.458 [Time-limited test] SendReceiveEmail - Recipient: bg02test@gmail.com added!
[INFO ] 2020-11-24 21:00:30.061 [Time-limited test] SendReceiveEmail - Email sent.
[INFO ] 2020-11-24 21:00:30.115 [Time-limited test] SendReceiveEmail - Email bg02test@gmail.com verified!
[DEBUG] 2020-11-24 21:00:30.116 [Time-limited test] SendReceiveEmail - Email Address: bg02test@gmail.com
[DEBUG] 2020-11-24 21:00:30.116 [Time-limited test] SendReceiveEmail - Password: Dawson123
[INFO ] 2020-11-24 21:00:30.117 [Time-limited test] SendReceiveEmail - IMAP server generated!
]]></system-out>
  </testcase>
  <testcase name="testRetrievingReturningArrayofReceivedEmails" classname="ca.brandongartner.jag.mail_business_tests.TestMainApplication" time="8.078">
    <error message="Open session error; &lt;--- javax.mail.AuthenticationFailedException: [AUTHENTICATIONFAILED] Invalid credentials (Failure)" type="jodd.mail.MailException"><![CDATA[jodd.mail.MailException: Open session error; <--- javax.mail.AuthenticationFailedException: [AUTHENTICATIONFAILED] Invalid credentials (Failure)
	at ca.brandongartner.jag.mail_business_tests.TestMainApplication.testRetrievingReturningArrayofReceivedEmails(TestMainApplication.java:366)
Caused by: javax.mail.AuthenticationFailedException: [AUTHENTICATIONFAILED] Invalid credentials (Failure)
	at ca.brandongartner.jag.mail_business_tests.TestMainApplication.testRetrievingReturningArrayofReceivedEmails(TestMainApplication.java:366)
]]></error>
    <system-out><![CDATA[[INFO ] 2020-11-24 21:00:33.659 [Time-limited test] SendReceiveEmail - Email bg01test@gmail.com verified!
[INFO ] 2020-11-24 21:00:33.659 [Time-limited test] SendReceiveEmail - Email bg02test@gmail.com verified!
[INFO ] 2020-11-24 21:00:33.660 [Time-limited test] SendReceiveEmail - SMTP server generated!
[INFO ] 2020-11-24 21:00:33.660 [Time-limited test] SendReceiveEmail - Recipient: bg02test@gmail.com added!
[INFO ] 2020-11-24 21:00:35.269 [Time-limited test] SendReceiveEmail - Email sent.
[INFO ] 2020-11-24 21:00:38.333 [Time-limited test] SendReceiveEmail - Email bg02test@gmail.com verified!
[DEBUG] 2020-11-24 21:00:38.333 [Time-limited test] SendReceiveEmail - Email Address: bg02test@gmail.com
[DEBUG] 2020-11-24 21:00:38.333 [Time-limited test] SendReceiveEmail - Password: Dawson123
[INFO ] 2020-11-24 21:00:38.333 [Time-limited test] SendReceiveEmail - IMAP server generated!
]]></system-out>
  </testcase>
  <testcase name="testDoubleReceive" classname="ca.brandongartner.jag.mail_business_tests.TestMainApplication" time="8.449">
    <error message="Open session error; &lt;--- javax.mail.AuthenticationFailedException: [AUTHENTICATIONFAILED] Invalid credentials (Failure)" type="jodd.mail.MailException"><![CDATA[jodd.mail.MailException: Open session error; <--- javax.mail.AuthenticationFailedException: [AUTHENTICATIONFAILED] Invalid credentials (Failure)
	at ca.brandongartner.jag.mail_business_tests.TestMainApplication.testDoubleReceive(TestMainApplication.java:417)
Caused by: javax.mail.AuthenticationFailedException: [AUTHENTICATIONFAILED] Invalid credentials (Failure)
	at ca.brandongartner.jag.mail_business_tests.TestMainApplication.testDoubleReceive(TestMainApplication.java:417)
]]></error>
    <system-out><![CDATA[[INFO ] 2020-11-24 21:00:41.737 [Time-limited test] SendReceiveEmail - Email bg01test@gmail.com verified!
[INFO ] 2020-11-24 21:00:41.737 [Time-limited test] SendReceiveEmail - Email bg02test@gmail.com verified!
[INFO ] 2020-11-24 21:00:41.738 [Time-limited test] SendReceiveEmail - SMTP server generated!
[INFO ] 2020-11-24 21:00:41.738 [Time-limited test] SendReceiveEmail - Recipient: bg02test@gmail.com added!
[INFO ] 2020-11-24 21:00:43.590 [Time-limited test] SendReceiveEmail - Email sent.
[INFO ] 2020-11-24 21:00:46.659 [Time-limited test] SendReceiveEmail - Email bg02test@gmail.com verified!
[DEBUG] 2020-11-24 21:00:46.659 [Time-limited test] SendReceiveEmail - Email Address: bg02test@gmail.com
[DEBUG] 2020-11-24 21:00:46.659 [Time-limited test] SendReceiveEmail - Password: Dawson123
[INFO ] 2020-11-24 21:00:46.659 [Time-limited test] SendReceiveEmail - IMAP server generated!
]]></system-out>
  </testcase>
  <testcase name="testOneRecipientOneBCC" classname="ca.brandongartner.jag.mail_business_tests.TestMainApplication" time="4.799"/>
  <testcase name="testOneRecipientTwoBCC" classname="ca.brandongartner.jag.mail_business_tests.TestMainApplication" time="4.812"/>
  <testcase name="testNullEmailAddressSend" classname="ca.brandongartner.jag.mail_business_tests.TestMainApplication" time="3.339">
    <error message="Unexpected exception, expected&lt;jodd.mail.MailException&gt; but was&lt;java.lang.ExceptionInInitializerError&gt;" type="java.lang.Exception"><![CDATA[java.lang.Exception: Unexpected exception, expected<jodd.mail.MailException> but was<java.lang.ExceptionInInitializerError>
	at ca.brandongartner.jag.mail_business_tests.TestMainApplication.testNullEmailAddressSend(TestMainApplication.java:339)
Caused by: java.lang.IllegalStateException: Toolkit not initialized
	at ca.brandongartner.jag.mail_business_tests.TestMainApplication.testNullEmailAddressSend(TestMainApplication.java:339)
]]></error>
    <system-out><![CDATA[[INFO ] 2020-11-24 21:00:59.799 [Time-limited test] SendReceiveEmail - Email bg01test@gmail.com verified!
]]></system-out>
  </testcase>
  <testcase name="testSendTextSubjectHTMLEmail" classname="ca.brandongartner.jag.mail_business_tests.TestMainApplication" time="4.753"/>
  <testcase name="testOneRecipientOneEmbeddedAttachment" classname="ca.brandongartner.jag.mail_business_tests.TestMainApplication" time="4.941"/>
  <testcase name="testSendEmptyMessage" classname="ca.brandongartner.jag.mail_business_tests.TestMainApplication" time="4.69"/>
  <testcase name="testBadMailConfigBadEmailOnReceive" classname="ca.brandongartner.jag.mail_business_tests.TestMainApplication" time="9.759"/>
  <testcase name="testBadMailConfigWrongPassOnReceive" classname="ca.brandongartner.jag.mail_business_tests.TestMainApplication" time="9.867"/>
  <testcase name="testSendHTMLEmail" classname="ca.brandongartner.jag.mail_business_tests.TestMainApplication" time="4.873"/>
  <testcase name="testReceivingEmails" classname="ca.brandongartner.jag.mail_business_tests.TestMainApplication" time="3.518">
    <error message="Open session error; &lt;--- javax.mail.AuthenticationFailedException: [AUTHENTICATIONFAILED] Invalid credentials (Failure)" type="jodd.mail.MailException"><![CDATA[jodd.mail.MailException: Open session error; <--- javax.mail.AuthenticationFailedException: [AUTHENTICATIONFAILED] Invalid credentials (Failure)
	at ca.brandongartner.jag.mail_business_tests.TestMainApplication.testReceivingEmails(TestMainApplication.java:380)
Caused by: javax.mail.AuthenticationFailedException: [AUTHENTICATIONFAILED] Invalid credentials (Failure)
	at ca.brandongartner.jag.mail_business_tests.TestMainApplication.testReceivingEmails(TestMainApplication.java:380)
]]></error>
    <system-out><![CDATA[[INFO ] 2020-11-24 21:01:42.021 [Time-limited test] SendReceiveEmail - Email bg02test@gmail.com verified!
[DEBUG] 2020-11-24 21:01:42.021 [Time-limited test] SendReceiveEmail - Email Address: bg02test@gmail.com
[DEBUG] 2020-11-24 21:01:42.021 [Time-limited test] SendReceiveEmail - Password: Dawson123
[INFO ] 2020-11-24 21:01:42.021 [Time-limited test] SendReceiveEmail - IMAP server generated!
]]></system-out>
  </testcase>
  <testcase name="testOneRecipientMultipleAttachments" classname="ca.brandongartner.jag.mail_business_tests.TestMainApplication" time="5.681"/>
  <testcase name="testSendWithoutRecipient" classname="ca.brandongartner.jag.mail_business_tests.TestMainApplication" time="3.77"/>
  <testcase name="testOneRecipientMultipleEmbeddedAttachment" classname="ca.brandongartner.jag.mail_business_tests.TestMainApplication" time="5.352"/>
  <testcase name="testOneRecipientOneAttachment" classname="ca.brandongartner.jag.mail_business_tests.TestMainApplication" time="5.486"/>
  <testcase name="testSendTextOnlyMessage" classname="ca.brandongartner.jag.mail_business_tests.TestMainApplication" time="4.786"/>
  <testcase name="testBadMailConfigBadEmailOnSend" classname="ca.brandongartner.jag.mail_business_tests.TestMainApplication" time="3.41"/>
  <testcase name="testBadMailConfigWrongPassOnSend" classname="ca.brandongartner.jag.mail_business_tests.TestMainApplication" time="3.406"/>
  <testcase name="testInvalidEmailAddressSend" classname="ca.brandongartner.jag.mail_business_tests.TestMainApplication" time="3.016">
    <error message="Unexpected exception, expected&lt;jodd.mail.MailException&gt; but was&lt;java.lang.NoClassDefFoundError&gt;" type="java.lang.Exception"><![CDATA[java.lang.Exception: Unexpected exception, expected<jodd.mail.MailException> but was<java.lang.NoClassDefFoundError>
	at ca.brandongartner.jag.mail_business_tests.TestMainApplication.testInvalidEmailAddressSend(TestMainApplication.java:349)
]]></error>
    <system-out><![CDATA[[INFO ] 2020-11-24 21:02:17.430 [Time-limited test] SendReceiveEmail - Email bg01test@gmail.com verified!
]]></system-out>
  </testcase>
  <testcase name="testSendMultipleRecipients" classname="ca.brandongartner.jag.mail_business_tests.TestMainApplication" time="4.917"/>
</testsuite>