<?xml version="1.0" encoding="UTF-8"?>
<testsuite xmlns:xsi="http://www.w3.org/2001/XMLSchema-instance" xsi:noNamespaceSchemaLocation="https://maven.apache.org/surefire/maven-surefire-plugin/xsd/surefire-test-report.xsd" name="ca.brandongartner.jag.mail_business_tests.TestMainApplication" time="161.415" tests="24" errors="2" skipped="0" failures="1">
  <properties>
    <property name="java.specification.version" value="14"/>
    <property name="sun.cpu.isalist" value="amd64"/>
    <property name="sun.jnu.encoding" value="Cp1252"/>
    <property name="java.class.path" value="C:\dev\420-517_Java\JAG\JAG_Work\target\test-classes;C:\dev\420-517_Java\JAG\JAG_Work\target\classes;C:\Users\valco\.m2\repository\org\jodd\jodd-mail\5.1.6\jodd-mail-5.1.6.jar;C:\Users\valco\.m2\repository\org\jodd\jodd-core\5.1.6\jodd-core-5.1.6.jar;C:\Users\valco\.m2\repository\jakarta\mail\jakarta.mail-api\1.6.5\jakarta.mail-api-1.6.5.jar;C:\Users\valco\.m2\repository\com\sun\mail\jakarta.mail\1.6.5\jakarta.mail-1.6.5.jar;C:\Users\valco\.m2\repository\com\sun\activation\jakarta.activation\1.2.1\jakarta.activation-1.2.1.jar;C:\Users\valco\.m2\repository\javax\mail\javax.mail-api\1.6.2\javax.mail-api-1.6.2.jar;C:\Users\valco\.m2\repository\javax\activation\javax.activation-api\1.2.0\javax.activation-api-1.2.0.jar;C:\Users\valco\.m2\repository\org\openjfx\javafx-controls\16-ea+1\javafx-controls-16-ea+1.jar;C:\Users\valco\.m2\repository\org\openjfx\javafx-controls\16-ea+1\javafx-controls-16-ea+1-win.jar;C:\Users\valco\.m2\repository\org\openjfx\javafx-graphics\16-ea+1\javafx-graphics-16-ea+1.jar;C:\Users\valco\.m2\repository\org\openjfx\javafx-fxml\16-ea+1\javafx-fxml-16-ea+1.jar;C:\Users\valco\.m2\repository\org\openjfx\javafx-fxml\16-ea+1\javafx-fxml-16-ea+1-win.jar;C:\Users\valco\.m2\repository\org\openjfx\javafx-web\16-ea+1\javafx-web-16-ea+1.jar;C:\Users\valco\.m2\repository\org\openjfx\javafx-web\16-ea+1\javafx-web-16-ea+1-win.jar;C:\Users\valco\.m2\repository\org\openjfx\javafx-media\16-ea+1\javafx-media-16-ea+1.jar;C:\Users\valco\.m2\repository\org\openjfx\javafx-media\16-ea+1\javafx-media-16-ea+1-win.jar;C:\Users\valco\.m2\repository\org\openjfx\javafx-swing\16-ea+1\javafx-swing-16-ea+1.jar;C:\Users\valco\.m2\repository\org\openjfx\javafx-swing\16-ea+1\javafx-swing-16-ea+1-win.jar;C:\Users\valco\.m2\repository\org\openjfx\javafx-graphics\16-ea+1\javafx-graphics-16-ea+1-win.jar;C:\Users\valco\.m2\repository\org\openjfx\javafx-base\16-ea+1\javafx-base-16-ea+1.jar;C:\Users\valco\.m2\repository\org\openjfx\javafx-base\16-ea+1\javafx-base-16-ea+1-win.jar;C:\Users\valco\.m2\repository\mysql\mysql-connector-java\8.0.21\mysql-connector-java-8.0.21.jar;C:\Users\valco\.m2\repository\com\google\protobuf\protobuf-java\3.11.4\protobuf-java-3.11.4.jar;C:\Users\valco\.m2\repository\org\slf4j\slf4j-api\1.7.30\slf4j-api-1.7.30.jar;C:\Users\valco\.m2\repository\org\apache\logging\log4j\log4j-slf4j-impl\2.13.3\log4j-slf4j-impl-2.13.3.jar;C:\Users\valco\.m2\repository\org\apache\logging\log4j\log4j-api\2.13.3\log4j-api-2.13.3.jar;C:\Users\valco\.m2\repository\org\apache\logging\log4j\log4j-core\2.13.3\log4j-core-2.13.3.jar;C:\Users\valco\.m2\repository\org\junit\jupiter\junit-jupiter-engine\5.6.2\junit-jupiter-engine-5.6.2.jar;C:\Users\valco\.m2\repository\org\apiguardian\apiguardian-api\1.1.0\apiguardian-api-1.1.0.jar;C:\Users\valco\.m2\repository\org\junit\platform\junit-platform-engine\1.6.2\junit-platform-engine-1.6.2.jar;C:\Users\valco\.m2\repository\org\opentest4j\opentest4j\1.2.0\opentest4j-1.2.0.jar;C:\Users\valco\.m2\repository\org\junit\platform\junit-platform-commons\1.6.2\junit-platform-commons-1.6.2.jar;C:\Users\valco\.m2\repository\org\junit\jupiter\junit-jupiter-api\5.6.2\junit-jupiter-api-5.6.2.jar;C:\Users\valco\.m2\repository\org\junit\vintage\junit-vintage-engine\5.6.2\junit-vintage-engine-5.6.2.jar;C:\Users\valco\.m2\repository\junit\junit\4.13\junit-4.13.jar;C:\Users\valco\.m2\repository\org\hamcrest\hamcrest-core\1.3\hamcrest-core-1.3.jar;"/>
    <property name="java.vm.vendor" value="AdoptOpenJDK"/>
    <property name="sun.arch.data.model" value="64"/>
    <property name="user.variant" value=""/>
    <property name="java.vendor.url" value="https://adoptopenjdk.net/"/>
    <property name="user.timezone" value="America/Toronto"/>
    <property name="os.name" value="Windows 10"/>
    <property name="java.vm.specification.version" value="14"/>
    <property name="user.country" value="CA"/>
    <property name="sun.java.launcher" value="SUN_STANDARD"/>
    <property name="sun.boot.library.path" value="C:\Program Files\AdoptOpenJDK\jdk-14.0.2.12-hotspot\bin"/>
    <property name="sun.java.command" value="C:\Users\valco\AppData\Local\Temp\surefire16310346254135340405\surefirebooter8725274686935903168.jar C:\Users\valco\AppData\Local\Temp\surefire16310346254135340405 2020-11-24T23-40-22_017-jvmRun1 surefire3126846295708107111tmp surefire_017748390723982933046tmp"/>
    <property name="jdk.debug" value="release"/>
    <property name="surefire.test.class.path" value="C:\dev\420-517_Java\JAG\JAG_Work\target\test-classes;C:\dev\420-517_Java\JAG\JAG_Work\target\classes;C:\Users\valco\.m2\repository\org\jodd\jodd-mail\5.1.6\jodd-mail-5.1.6.jar;C:\Users\valco\.m2\repository\org\jodd\jodd-core\5.1.6\jodd-core-5.1.6.jar;C:\Users\valco\.m2\repository\jakarta\mail\jakarta.mail-api\1.6.5\jakarta.mail-api-1.6.5.jar;C:\Users\valco\.m2\repository\com\sun\mail\jakarta.mail\1.6.5\jakarta.mail-1.6.5.jar;C:\Users\valco\.m2\repository\com\sun\activation\jakarta.activation\1.2.1\jakarta.activation-1.2.1.jar;C:\Users\valco\.m2\repository\javax\mail\javax.mail-api\1.6.2\javax.mail-api-1.6.2.jar;C:\Users\valco\.m2\repository\javax\activation\javax.activation-api\1.2.0\javax.activation-api-1.2.0.jar;C:\Users\valco\.m2\repository\org\openjfx\javafx-controls\16-ea+1\javafx-controls-16-ea+1.jar;C:\Users\valco\.m2\repository\org\openjfx\javafx-controls\16-ea+1\javafx-controls-16-ea+1-win.jar;C:\Users\valco\.m2\repository\org\openjfx\javafx-graphics\16-ea+1\javafx-graphics-16-ea+1.jar;C:\Users\valco\.m2\repository\org\openjfx\javafx-fxml\16-ea+1\javafx-fxml-16-ea+1.jar;C:\Users\valco\.m2\repository\org\openjfx\javafx-fxml\16-ea+1\javafx-fxml-16-ea+1-win.jar;C:\Users\valco\.m2\repository\org\openjfx\javafx-web\16-ea+1\javafx-web-16-ea+1.jar;C:\Users\valco\.m2\repository\org\openjfx\javafx-web\16-ea+1\javafx-web-16-ea+1-win.jar;C:\Users\valco\.m2\repository\org\openjfx\javafx-media\16-ea+1\javafx-media-16-ea+1.jar;C:\Users\valco\.m2\repository\org\openjfx\javafx-media\16-ea+1\javafx-media-16-ea+1-win.jar;C:\Users\valco\.m2\repository\org\openjfx\javafx-swing\16-ea+1\javafx-swing-16-ea+1.jar;C:\Users\valco\.m2\repository\org\openjfx\javafx-swing\16-ea+1\javafx-swing-16-ea+1-win.jar;C:\Users\valco\.m2\repository\org\openjfx\javafx-graphics\16-ea+1\javafx-graphics-16-ea+1-win.jar;C:\Users\valco\.m2\repository\org\openjfx\javafx-base\16-ea+1\javafx-base-16-ea+1.jar;C:\Users\valco\.m2\repository\org\openjfx\javafx-base\16-ea+1\javafx-base-16-ea+1-win.jar;C:\Users\valco\.m2\repository\mysql\mysql-connector-java\8.0.21\mysql-connector-java-8.0.21.jar;C:\Users\valco\.m2\repository\com\google\protobuf\protobuf-java\3.11.4\protobuf-java-3.11.4.jar;C:\Users\valco\.m2\repository\org\slf4j\slf4j-api\1.7.30\slf4j-api-1.7.30.jar;C:\Users\valco\.m2\repository\org\apache\logging\log4j\log4j-slf4j-impl\2.13.3\log4j-slf4j-impl-2.13.3.jar;C:\Users\valco\.m2\repository\org\apache\logging\log4j\log4j-api\2.13.3\log4j-api-2.13.3.jar;C:\Users\valco\.m2\repository\org\apache\logging\log4j\log4j-core\2.13.3\log4j-core-2.13.3.jar;C:\Users\valco\.m2\repository\org\junit\jupiter\junit-jupiter-engine\5.6.2\junit-jupiter-engine-5.6.2.jar;C:\Users\valco\.m2\repository\org\apiguardian\apiguardian-api\1.1.0\apiguardian-api-1.1.0.jar;C:\Users\valco\.m2\repository\org\junit\platform\junit-platform-engine\1.6.2\junit-platform-engine-1.6.2.jar;C:\Users\valco\.m2\repository\org\opentest4j\opentest4j\1.2.0\opentest4j-1.2.0.jar;C:\Users\valco\.m2\repository\org\junit\platform\junit-platform-commons\1.6.2\junit-platform-commons-1.6.2.jar;C:\Users\valco\.m2\repository\org\junit\jupiter\junit-jupiter-api\5.6.2\junit-jupiter-api-5.6.2.jar;C:\Users\valco\.m2\repository\org\junit\vintage\junit-vintage-engine\5.6.2\junit-vintage-engine-5.6.2.jar;C:\Users\valco\.m2\repository\junit\junit\4.13\junit-4.13.jar;C:\Users\valco\.m2\repository\org\hamcrest\hamcrest-core\1.3\hamcrest-core-1.3.jar;"/>
    <property name="sun.cpu.endian" value="little"/>
    <property name="user.home" value="C:\Users\valco"/>
    <property name="user.language" value="en"/>
    <property name="java.specification.vendor" value="Oracle Corporation"/>
    <property name="java.version.date" value="2020-07-14"/>
    <property name="java.home" value="C:\Program Files\AdoptOpenJDK\jdk-14.0.2.12-hotspot"/>
    <property name="file.separator" value="\"/>
    <property name="basedir" value="C:\dev\420-517_Java\JAG\JAG_Work"/>
    <property name="java.vm.compressedOopsMode" value="Zero based"/>
    <property name="line.separator" value="&#10;"/>
    <property name="java.vm.specification.vendor" value="Oracle Corporation"/>
    <property name="java.specification.name" value="Java Platform API Specification"/>
    <property name="surefire.real.class.path" value="C:\Users\valco\AppData\Local\Temp\surefire16310346254135340405\surefirebooter8725274686935903168.jar"/>
    <property name="user.script" value=""/>
    <property name="sun.management.compiler" value="HotSpot 64-Bit Tiered Compilers"/>
    <property name="java.runtime.version" value="14.0.2+12"/>
    <property name="user.name" value="valco"/>
    <property name="path.separator" value=";"/>
    <property name="os.version" value="10.0"/>
    <property name="java.runtime.name" value="OpenJDK Runtime Environment"/>
    <property name="file.encoding" value="UTF-8"/>
    <property name="java.vm.name" value="OpenJDK 64-Bit Server VM"/>
    <property name="java.vendor.version" value="AdoptOpenJDK"/>
    <property name="maven.ext.class.path" value="C:\devapp\NetBeans-12.0\netbeans\java\maven-nblib\netbeans-eventspy.jar"/>
    <property name="localRepository" value="C:\Users\valco\.m2\repository"/>
    <property name="java.vendor.url.bug" value="https://github.com/AdoptOpenJDK/openjdk-support/issues"/>
    <property name="java.io.tmpdir" value="C:\Users\valco\AppData\Local\Temp\"/>
    <property name="java.version" value="14.0.2"/>
    <property name="user.dir" value="C:\dev\420-517_Java\JAG\JAG_Work"/>
    <property name="os.arch" value="amd64"/>
    <property name="java.vm.specification.name" value="Java Virtual Machine Specification"/>
    <property name="sun.os.patch.level" value=""/>
    <property name="java.library.path" value="C:\Program Files\AdoptOpenJDK\jdk-14.0.2.12-hotspot\bin;C:\WINDOWS\Sun\Java\bin;C:\WINDOWS\system32;C:\WINDOWS;C:\Program Files\AdoptOpenJDK\jdk-14.0.2.12-hotspot\bin;C:\Users\valco\Desktop\oracledb\bin;C:\Program Files (x86)\Razer Chroma SDK\bin;C:\Program Files\Razer Chroma SDK\bin;C:\Program Files (x86)\Common Files\Oracle\Java\javapath;C:\Program Files (x86)\Razer\ChromaBroadcast\bin;C:\Program Files\Razer\ChromaBroadcast\bin;C:\Windows\system32;C:\Windows;C:\Windows\System32\Wbem;C:\Windows\System32\WindowsPowerShell\v1.0\;C:\Windows\System32\OpenSSH\;C:\Program Files\dotnet\;C:\Program Files\NVIDIA Corporation\NVIDIA NvDLISR;C:\Program Files (x86)\NVIDIA Corporation\PhysX\Common;C:\Users\valco\AppData\Local\Microsoft\WindowsApps;C:\Users\valco\.dotnet\tools;C:\Program Files\Microsoft SQL Server\130\Tools\Binn\;C:\Program Files\Microsoft SQL Server\Client SDK\ODBC\170\Tools\Binn\;C:\WINDOWS\system32;C:\WINDOWS;C:\WINDOWS\System32\Wbem;C:\WINDOWS\System32\WindowsPowerShell\v1.0\;C:\WINDOWS\System32\OpenSSH\;C:\Program Files\nodejs\;C:\Users\valco\AppData\Local\Microsoft\WindowsApps;E:\Program Files\IntelliJ IDEA Community Edition 2019.2.1\bin;C:\Users\valco\AppData\Local\Programs\Microsoft VS Code\bin;C:\Users\valco\AppData\Local\atom\bin;C:\Users\valco\AppData\Local\Microsoft\WindowsApps;C:\devapp\MavenFiles\apache-maven-3.6.3\bin;C:\Users\valco\AppData\Roaming\npm;C:\Program Files\PostgreSQL\13\bin;;."/>
    <property name="java.vm.info" value="mixed mode, sharing"/>
    <property name="java.vendor" value="AdoptOpenJDK"/>
    <property name="java.vm.version" value="14.0.2+12"/>
    <property name="sun.io.unicode.encoding" value="UnicodeLittle"/>
    <property name="java.class.version" value="58.0"/>
  </properties>
  <testcase name="testOneRecipientOneCC" classname="ca.brandongartner.jag.mail_business_tests.TestMainApplication" time="5.964"/>
  <testcase name="testOneRecipientTwoCC" classname="ca.brandongartner.jag.mail_business_tests.TestMainApplication" time="4.794"/>
  <testcase name="testEmailFieldsSame" classname="ca.brandongartner.jag.mail_business_tests.TestMainApplication" time="12.827">
    <failure type="java.lang.AssertionError">java.lang.AssertionError
	at ca.brandongartner.jag.mail_business_tests.TestMainApplication.testEmailFieldsSame(TestMainApplication.java:456)
</failure>
    <system-out><![CDATA[[INFO ] 2020-11-24 23:40:36.629 [Time-limited test] SendReceiveEmail - Email bg01test@gmail.com verified!
[INFO ] 2020-11-24 23:40:36.630 [Time-limited test] SendReceiveEmail - Email bg02test@gmail.com verified!
[INFO ] 2020-11-24 23:40:36.631 [Time-limited test] SendReceiveEmail - SMTP server generated!
[INFO ] 2020-11-24 23:40:36.631 [Time-limited test] SendReceiveEmail - Recipient: bg02test@gmail.com added!
[INFO ] 2020-11-24 23:40:38.372 [Time-limited test] SendReceiveEmail - Email sent.
[INFO ] 2020-11-24 23:40:38.426 [Time-limited test] SendReceiveEmail - Email bg02test@gmail.com verified!
[DEBUG] 2020-11-24 23:40:38.427 [Time-limited test] SendReceiveEmail - Email Address: bg02test@gmail.com
[DEBUG] 2020-11-24 23:40:38.427 [Time-limited test] SendReceiveEmail - Password: Dawson123
[INFO ] 2020-11-24 23:40:38.428 [Time-limited test] SendReceiveEmail - IMAP server generated!
[INFO ] 2020-11-24 23:40:43.412 [Time-limited test] SendReceiveEmail - 
 >>>> ReceivedEmail count = 7
[INFO ] 2020-11-24 23:40:43.413 [Time-limited test] SendReceiveEmail - 

===[157]===
[INFO ] 2020-11-24 23:40:43.413 [Time-limited test] SendReceiveEmail - FROM:bg01test@gmail.com
[INFO ] 2020-11-24 23:40:43.413 [Time-limited test] SendReceiveEmail - TO:[bg02test@gmail.com]
[INFO ] 2020-11-24 23:40:43.413 [Time-limited test] SendReceiveEmail - CC:[]
[INFO ] 2020-11-24 23:40:43.413 [Time-limited test] SendReceiveEmail - SUBJECT:null
[INFO ] 2020-11-24 23:40:43.414 [Time-limited test] SendReceiveEmail - PRIORITY:-1
[INFO ] 2020-11-24 23:40:43.414 [Time-limited test] SendReceiveEmail - SENT DATE:Tue Nov 24 23:30:54 EST 2020
[INFO ] 2020-11-24 23:40:43.414 [Time-limited test] SendReceiveEmail - RECEIVED DATE: Tue Nov 24 23:30:56 EST 2020
[INFO ] 2020-11-24 23:40:43.415 [Time-limited test] SendReceiveEmail - ------
[INFO ] 2020-11-24 23:40:43.415 [Time-limited test] SendReceiveEmail - UTF-8
[INFO ] 2020-11-24 23:40:43.415 [Time-limited test] SendReceiveEmail - TEXT/PLAIN
[INFO ] 2020-11-24 23:40:43.415 [Time-limited test] SendReceiveEmail - gggggggggggggggggggggggggggggggggggggggg
[INFO ] 2020-11-24 23:40:43.416 [Time-limited test] SendReceiveEmail - +++++
[INFO ] 2020-11-24 23:40:43.416 [Time-limited test] SendReceiveEmail - 

===[158]===
[INFO ] 2020-11-24 23:40:43.416 [Time-limited test] SendReceiveEmail - FROM:bg01test@gmail.com
[INFO ] 2020-11-24 23:40:43.417 [Time-limited test] SendReceiveEmail - TO:[bg02test@gmail.com]
[INFO ] 2020-11-24 23:40:43.417 [Time-limited test] SendReceiveEmail - CC:[]
[INFO ] 2020-11-24 23:40:43.417 [Time-limited test] SendReceiveEmail - SUBJECT:null
[INFO ] 2020-11-24 23:40:43.417 [Time-limited test] SendReceiveEmail - PRIORITY:-1
[INFO ] 2020-11-24 23:40:43.417 [Time-limited test] SendReceiveEmail - SENT DATE:Tue Nov 24 23:31:03 EST 2020
[INFO ] 2020-11-24 23:40:43.417 [Time-limited test] SendReceiveEmail - RECEIVED DATE: Tue Nov 24 23:31:05 EST 2020
[INFO ] 2020-11-24 23:40:43.417 [Time-limited test] SendReceiveEmail - ------
[INFO ] 2020-11-24 23:40:43.418 [Time-limited test] SendReceiveEmail - UTF-8
[INFO ] 2020-11-24 23:40:43.418 [Time-limited test] SendReceiveEmail - TEXT/PLAIN
[INFO ] 2020-11-24 23:40:43.418 [Time-limited test] SendReceiveEmail - iiiiiiiiiiiiiiiiiiiiiiiiiiiiiiiiiiiiiiiiiiiiiiiiiiiiiiiiiiiiiiiiiiiiiiiii
[INFO ] 2020-11-24 23:40:43.418 [Time-limited test] SendReceiveEmail - ------
[INFO ] 2020-11-24 23:40:43.418 [Time-limited test] SendReceiveEmail - UTF-8
[INFO ] 2020-11-24 23:40:43.418 [Time-limited test] SendReceiveEmail - TEXT/HTML
[INFO ] 2020-11-24 23:40:43.418 [Time-limited test] SendReceiveEmail - <img width=100 height=100 id="1" src="cid:blue.png"/>
[INFO ] 2020-11-24 23:40:43.418 [Time-limited test] SendReceiveEmail - ------
[INFO ] 2020-11-24 23:40:43.418 [Time-limited test] SendReceiveEmail - UTF-8
[INFO ] 2020-11-24 23:40:43.418 [Time-limited test] SendReceiveEmail - TEXT/HTML
[INFO ] 2020-11-24 23:40:43.419 [Time-limited test] SendReceiveEmail - <img width=100 height=100 id="1" src="cid:bliss.png"/>
[INFO ] 2020-11-24 23:40:43.419 [Time-limited test] SendReceiveEmail - +++++
[INFO ] 2020-11-24 23:40:43.419 [Time-limited test] SendReceiveEmail - 

===[159]===
[INFO ] 2020-11-24 23:40:43.419 [Time-limited test] SendReceiveEmail - FROM:bg01test@gmail.com
[INFO ] 2020-11-24 23:40:43.419 [Time-limited test] SendReceiveEmail - TO:[bg02test@gmail.com]
[INFO ] 2020-11-24 23:40:43.419 [Time-limited test] SendReceiveEmail - CC:[]
[INFO ] 2020-11-24 23:40:43.419 [Time-limited test] SendReceiveEmail - SUBJECT:null
[INFO ] 2020-11-24 23:40:43.419 [Time-limited test] SendReceiveEmail - PRIORITY:-1
[INFO ] 2020-11-24 23:40:43.419 [Time-limited test] SendReceiveEmail - SENT DATE:Tue Nov 24 23:31:09 EST 2020
[INFO ] 2020-11-24 23:40:43.420 [Time-limited test] SendReceiveEmail - RECEIVED DATE: Tue Nov 24 23:31:11 EST 2020
[INFO ] 2020-11-24 23:40:43.420 [Time-limited test] SendReceiveEmail - ------
[INFO ] 2020-11-24 23:40:43.420 [Time-limited test] SendReceiveEmail - UTF-8
[INFO ] 2020-11-24 23:40:43.420 [Time-limited test] SendReceiveEmail - TEXT/PLAIN
[INFO ] 2020-11-24 23:40:43.420 [Time-limited test] SendReceiveEmail - fffffffffffffffffffffffffffffffffffffffff
[INFO ] 2020-11-24 23:40:43.420 [Time-limited test] SendReceiveEmail - +++++
[INFO ] 2020-11-24 23:40:43.420 [Time-limited test] SendReceiveEmail - 

===[160]===
[INFO ] 2020-11-24 23:40:43.420 [Time-limited test] SendReceiveEmail - FROM:bg01test@gmail.com
[INFO ] 2020-11-24 23:40:43.420 [Time-limited test] SendReceiveEmail - TO:[bg02test@gmail.com]
[INFO ] 2020-11-24 23:40:43.420 [Time-limited test] SendReceiveEmail - CC:[]
[INFO ] 2020-11-24 23:40:43.421 [Time-limited test] SendReceiveEmail - SUBJECT:null
[INFO ] 2020-11-24 23:40:43.421 [Time-limited test] SendReceiveEmail - PRIORITY:-1
[INFO ] 2020-11-24 23:40:43.421 [Time-limited test] SendReceiveEmail - SENT DATE:Tue Nov 24 23:31:14 EST 2020
[INFO ] 2020-11-24 23:40:43.421 [Time-limited test] SendReceiveEmail - RECEIVED DATE: Tue Nov 24 23:31:15 EST 2020
[INFO ] 2020-11-24 23:40:43.421 [Time-limited test] SendReceiveEmail - ------
[INFO ] 2020-11-24 23:40:43.421 [Time-limited test] SendReceiveEmail - UTF-8
[INFO ] 2020-11-24 23:40:43.421 [Time-limited test] SendReceiveEmail - TEXT/PLAIN
[INFO ] 2020-11-24 23:40:43.421 [Time-limited test] SendReceiveEmail - this is the email with nothing but text and a recipient

[INFO ] 2020-11-24 23:40:43.421 [Time-limited test] SendReceiveEmail - +++++
[INFO ] 2020-11-24 23:40:43.422 [Time-limited test] SendReceiveEmail - 

===[161]===
[INFO ] 2020-11-24 23:40:43.422 [Time-limited test] SendReceiveEmail - FROM:bg01test@gmail.com
[INFO ] 2020-11-24 23:40:43.422 [Time-limited test] SendReceiveEmail - TO:[bg02test@gmail.com, bg03test@gmail.com]
[INFO ] 2020-11-24 23:40:43.422 [Time-limited test] SendReceiveEmail - CC:[]
[INFO ] 2020-11-24 23:40:43.422 [Time-limited test] SendReceiveEmail - SUBJECT:null
[INFO ] 2020-11-24 23:40:43.422 [Time-limited test] SendReceiveEmail - PRIORITY:-1
[INFO ] 2020-11-24 23:40:43.422 [Time-limited test] SendReceiveEmail - SENT DATE:Tue Nov 24 23:31:29 EST 2020
[INFO ] 2020-11-24 23:40:43.422 [Time-limited test] SendReceiveEmail - RECEIVED DATE: Tue Nov 24 23:31:30 EST 2020
[INFO ] 2020-11-24 23:40:43.422 [Time-limited test] SendReceiveEmail - ------
[INFO ] 2020-11-24 23:40:43.423 [Time-limited test] SendReceiveEmail - UTF-8
[INFO ] 2020-11-24 23:40:43.423 [Time-limited test] SendReceiveEmail - TEXT/PLAIN
[INFO ] 2020-11-24 23:40:43.423 [Time-limited test] SendReceiveEmail - aaaaaaaaaaaaaaaaaaaaaaaaaaaaaaaaaaaaaaa

[INFO ] 2020-11-24 23:40:43.423 [Time-limited test] SendReceiveEmail - +++++
[INFO ] 2020-11-24 23:40:43.423 [Time-limited test] SendReceiveEmail - 

===[162]===
[INFO ] 2020-11-24 23:40:43.423 [Time-limited test] SendReceiveEmail - FROM:bg01test@gmail.com
[INFO ] 2020-11-24 23:40:43.423 [Time-limited test] SendReceiveEmail - TO:[bg02test@gmail.com]
[INFO ] 2020-11-24 23:40:43.423 [Time-limited test] SendReceiveEmail - CC:[bg03test@gmail.com]
[INFO ] 2020-11-24 23:40:43.423 [Time-limited test] SendReceiveEmail - SUBJECT:null
[INFO ] 2020-11-24 23:40:43.424 [Time-limited test] SendReceiveEmail - PRIORITY:-1
[INFO ] 2020-11-24 23:40:43.424 [Time-limited test] SendReceiveEmail - SENT DATE:Tue Nov 24 23:40:24 EST 2020
[INFO ] 2020-11-24 23:40:43.424 [Time-limited test] SendReceiveEmail - RECEIVED DATE: Tue Nov 24 23:40:25 EST 2020
[INFO ] 2020-11-24 23:40:43.424 [Time-limited test] SendReceiveEmail - ------
[INFO ] 2020-11-24 23:40:43.424 [Time-limited test] SendReceiveEmail - UTF-8
[INFO ] 2020-11-24 23:40:43.424 [Time-limited test] SendReceiveEmail - TEXT/PLAIN
[INFO ] 2020-11-24 23:40:43.424 [Time-limited test] SendReceiveEmail - bbbbbbbbbbbbbbbbbbbbbbbbbbbbbbbbbbbb

[INFO ] 2020-11-24 23:40:43.424 [Time-limited test] SendReceiveEmail - +++++
[INFO ] 2020-11-24 23:40:43.424 [Time-limited test] SendReceiveEmail - 

===[163]===
[INFO ] 2020-11-24 23:40:43.425 [Time-limited test] SendReceiveEmail - FROM:bg01test@gmail.com
[INFO ] 2020-11-24 23:40:43.425 [Time-limited test] SendReceiveEmail - TO:[bg02test@gmail.com]
[INFO ] 2020-11-24 23:40:43.425 [Time-limited test] SendReceiveEmail - CC:[bg03test@gmail.com, bg04test@gmail.com]
[INFO ] 2020-11-24 23:40:43.425 [Time-limited test] SendReceiveEmail - SUBJECT:null
[INFO ] 2020-11-24 23:40:43.425 [Time-limited test] SendReceiveEmail - PRIORITY:-1
[INFO ] 2020-11-24 23:40:43.425 [Time-limited test] SendReceiveEmail - SENT DATE:Tue Nov 24 23:40:29 EST 2020
[INFO ] 2020-11-24 23:40:43.425 [Time-limited test] SendReceiveEmail - RECEIVED DATE: Tue Nov 24 23:40:30 EST 2020
[INFO ] 2020-11-24 23:40:43.425 [Time-limited test] SendReceiveEmail - ------
[INFO ] 2020-11-24 23:40:43.426 [Time-limited test] SendReceiveEmail - UTF-8
[INFO ] 2020-11-24 23:40:43.426 [Time-limited test] SendReceiveEmail - TEXT/PLAIN
[INFO ] 2020-11-24 23:40:43.426 [Time-limited test] SendReceiveEmail - ddddddddddddddddddddddddddddddddddd

[INFO ] 2020-11-24 23:40:43.426 [Time-limited test] SendReceiveEmail - +++++
]]></system-out>
  </testcase>
  <testcase name="testRetrievingReturningArrayofReceivedEmails" classname="ca.brandongartner.jag.mail_business_tests.TestMainApplication" time="9.259"/>
  <testcase name="testDoubleReceive" classname="ca.brandongartner.jag.mail_business_tests.TestMainApplication" time="12.505"/>
  <testcase name="testOneRecipientOneBCC" classname="ca.brandongartner.jag.mail_business_tests.TestMainApplication" time="4.738"/>
  <testcase name="testOneRecipientTwoBCC" classname="ca.brandongartner.jag.mail_business_tests.TestMainApplication" time="4.812"/>
  <testcase name="testNullEmailAddressSend" classname="ca.brandongartner.jag.mail_business_tests.TestMainApplication" time="3.304">
    <error message="Unexpected exception, expected&lt;jodd.mail.MailException&gt; but was&lt;java.lang.ExceptionInInitializerError&gt;" type="java.lang.Exception"><![CDATA[java.lang.Exception: Unexpected exception, expected<jodd.mail.MailException> but was<java.lang.ExceptionInInitializerError>
	at ca.brandongartner.jag.mail_business_tests.TestMainApplication.testNullEmailAddressSend(TestMainApplication.java:338)
Caused by: java.lang.IllegalStateException: Toolkit not initialized
	at ca.brandongartner.jag.mail_business_tests.TestMainApplication.testNullEmailAddressSend(TestMainApplication.java:338)
]]></error>
    <system-out><![CDATA[[INFO ] 2020-11-24 23:41:17.755 [Time-limited test] SendReceiveEmail - Email bg01test@gmail.com verified!
]]></system-out>
  </testcase>
  <testcase name="testSendTextSubjectHTMLEmail" classname="ca.brandongartner.jag.mail_business_tests.TestMainApplication" time="4.69"/>
  <testcase name="testOneRecipientOneEmbeddedAttachment" classname="ca.brandongartner.jag.mail_business_tests.TestMainApplication" time="4.934"/>
  <testcase name="testSendEmptyMessage" classname="ca.brandongartner.jag.mail_business_tests.TestMainApplication" time="4.663"/>
  <testcase name="testBadMailConfigBadEmailOnReceive" classname="ca.brandongartner.jag.mail_business_tests.TestMainApplication" time="9.775"/>
  <testcase name="testBadMailConfigWrongPassOnReceive" classname="ca.brandongartner.jag.mail_business_tests.TestMainApplication" time="9.717"/>
  <testcase name="testSendHTMLEmail" classname="ca.brandongartner.jag.mail_business_tests.TestMainApplication" time="4.702"/>
  <testcase name="testReceivingEmails" classname="ca.brandongartner.jag.mail_business_tests.TestMainApplication" time="25.063"/>
  <testcase name="testOneRecipientMultipleAttachments" classname="ca.brandongartner.jag.mail_business_tests.TestMainApplication" time="5.596"/>
  <testcase name="testSendWithoutRecipient" classname="ca.brandongartner.jag.mail_business_tests.TestMainApplication" time="3.625"/>
  <testcase name="testOneRecipientMultipleEmbeddedAttachment" classname="ca.brandongartner.jag.mail_business_tests.TestMainApplication" time="5.711"/>
  <testcase name="testOneRecipientOneAttachment" classname="ca.brandongartner.jag.mail_business_tests.TestMainApplication" time="5.522"/>
  <testcase name="testSendTextOnlyMessage" classname="ca.brandongartner.jag.mail_business_tests.TestMainApplication" time="4.68"/>
  <testcase name="testBadMailConfigBadEmailOnSend" classname="ca.brandongartner.jag.mail_business_tests.TestMainApplication" time="3.401"/>
  <testcase name="testBadMailConfigWrongPassOnSend" classname="ca.brandongartner.jag.mail_business_tests.TestMainApplication" time="3.401"/>
  <testcase name="testInvalidEmailAddressSend" classname="ca.brandongartner.jag.mail_business_tests.TestMainApplication" time="3.008">
    <error message="Unexpected exception, expected&lt;jodd.mail.MailException&gt; but was&lt;java.lang.NoClassDefFoundError&gt;" type="java.lang.Exception"><![CDATA[java.lang.Exception: Unexpected exception, expected<jodd.mail.MailException> but was<java.lang.NoClassDefFoundError>
	at ca.brandongartner.jag.mail_business_tests.TestMainApplication.testInvalidEmailAddressSend(TestMainApplication.java:348)
]]></error>
    <system-out><![CDATA[[INFO ] 2020-11-24 23:42:56.540 [Time-limited test] SendReceiveEmail - Email bg01test@gmail.com verified!
]]></system-out>
  </testcase>
  <testcase name="testSendMultipleRecipients" classname="ca.brandongartner.jag.mail_business_tests.TestMainApplication" time="4.719"/>
</testsuite>